<?xml version="1.0" encoding="UTF-8"?>
<testng-results skipped="0" failed="0" ignored="0" total="2" passed="2">
  <reporter-output>
  </reporter-output>
  <suite name="Suite" duration-ms="54844" started-at="2017-09-17T12:00:26Z" finished-at="2017-09-17T12:01:21Z">
    <groups>
    </groups>
    <test name="Test" duration-ms="54844" started-at="2017-09-17T12:00:26Z" finished-at="2017-09-17T12:01:21Z">
      <class name="DAY1.Login2">
        <test-method status="PASS" signature="login2()[pri:0, instance:DAY1.Login2@1a968a59]" name="login2" duration-ms="27629" started-at="2017-09-17T13:00:53Z" finished-at="2017-09-17T13:01:21Z">
          <reporter-output>
          </reporter-output>
        </test-method> <!-- login2 -->
      </class> <!-- DAY1.Login2 -->
      <class name="DAY1.Login">
        <test-method status="PASS" signature="login()[pri:0, instance:DAY1.Login@53b32d7]" name="login" duration-ms="27184" started-at="2017-09-17T13:00:26Z" finished-at="2017-09-17T13:00:53Z">
          <reporter-output>
          </reporter-output>
        </test-method> <!-- login -->
      </class> <!-- DAY1.Login -->
    </test> <!-- Test -->
  </suite> <!-- Suite -->
</testng-results>
